<?xml version="1.0" encoding="UTF-8"?>
<!-- Generated by org.testng.reporters.JUnitReportReporter -->
<testsuite hostname="DESKTOP-KIS4N2E" failures="0" tests="3" name="testNG.MyTestClass" time="12.970" errors="0" timestamp="2022-06-14T08:53:55 IST" skipped="0">
  <testcase classname="testNG.MyTestClass" name="myMethod2" time="2.089"/>
  <system-out>
    <![CDATA[myMethod2 is running]]>
  </system-out>
  <testcase classname="testNG.MyTestClass" name="myMethod3" time="2.748"/>
  <system-out>
    <![CDATA[myMethod3 is running]]>
  </system-out>
  <testcase classname="testNG.MyTestClass" name="myMethod1" time="8.133"/>
  <system-out/>
</testsuite> <!-- testNG.MyTestClass -->
