<?xml version="1.0" encoding="UTF-8"?>
<!-- Generated by org.testng.reporters.JUnitReportReporter -->
<testsuite hostname="DESKTOP-KIS4N2E" failures="0" tests="2" name="testNGlistener.Mumbai" time="0.002" errors="0" timestamp="2022-06-22T07:55:11 IST" skipped="0">
  <testcase classname="testNGlistener.Mumbai" name="ghanSoli" time="0.001"/>
  <system-out>
    <![CDATA[ghanSoli TC is running
TC is sucess
Success TC name is ghanSoli]]>
  </system-out>
  <testcase classname="testNGlistener.Mumbai" name="Sanpada" time="0.001"/>
  <system-out>
    <![CDATA[Sanpada TC is running
TC is sucess
Success TC name is Sanpada]]>
  </system-out>
</testsuite> <!-- testNGlistener.Mumbai -->
