<?xml version="1.0" encoding="UTF-8"?>
<!-- Generated by org.testng.reporters.JUnitReportReporter -->
<testsuite hostname="DESKTOP-KIS4N2E" failures="0" tests="2" name="testNG.AnnotationStusy1" time="0.004" errors="0" timestamp="2022-06-10T08:51:49 IST" skipped="0">
  <testcase classname="testNG.AnnotationStusy1" name="myTest4" time="0.000"/>
  <system-out>
    <![CDATA[Test Method1 is running]]>
  </system-out>
  <testcase classname="testNG.AnnotationStusy1" name="myTest3" time="0.004"/>
  <system-out>
    <![CDATA[Test Method is running]]>
  </system-out>
</testsuite> <!-- testNG.AnnotationStusy1 -->
