<?xml version="1.0" encoding="UTF-8"?>
<!-- Generated by org.testng.reporters.JUnitReportReporter -->
<testsuite hostname="DESKTOP-KIS4N2E" failures="0" tests="1" name="parallelExecution.Myclass1" time="5.471" errors="0" timestamp="2022-06-14T09:03:21 IST" skipped="0">
  <testcase classname="parallelExecution.Myclass1" name="myMethod1" time="5.471"/>
  <system-out>
    <![CDATA[myMethod1 is running]]>
  </system-out>
</testsuite> <!-- parallelExecution.Myclass1 -->
