<?xml version="1.0" encoding="UTF-8"?>
<!-- Generated by org.testng.reporters.JUnitReportReporter -->
<testsuite hostname="DESKTOP-KIS4N2E" failures="0" tests="1" name="KiteWithExcel.KiteTest" time="2.856" errors="0" timestamp="2022-06-17T08:51:11 IST" skipped="0">
  <testcase classname="KiteWithExcel.KiteTest" name="verifyKiteUserName" time="2.856"/>
  <system-out>
    <![CDATA[Validating user ID on login button
Expected UserID and Actual UserID are matching TC is PASSED]]>
  </system-out>
</testsuite> <!-- KiteWithExcel.KiteTest -->
