<?xml version="1.0" encoding="UTF-8"?>
<!-- Generated by org.testng.reporters.JUnitReportReporter -->
<testsuite hostname="DESKTOP-KIS4N2E" failures="0" tests="3" name="testNGKeyWords.InvocationCountUse" time="0.006" errors="0" timestamp="2022-06-13T08:23:04 IST" skipped="0">
  <testcase classname="testNGKeyWords.InvocationCountUse" name="myMethod" time="0.002"/>
  <system-out>
    <![CDATA[my Method is Running]]>
  </system-out>
  <testcase classname="testNGKeyWords.InvocationCountUse" name="myMethod" time="0.002"/>
  <system-out>
    <![CDATA[my Method is Running]]>
  </system-out>
  <testcase classname="testNGKeyWords.InvocationCountUse" name="myMethod" time="0.002"/>
  <system-out>
    <![CDATA[my Method is Running]]>
  </system-out>
</testsuite> <!-- testNGKeyWords.InvocationCountUse -->
