<?xml version="1.0" encoding="UTF-8"?>
<!-- Generated by org.testng.reporters.JUnitReportReporter -->
<testsuite hostname="DESKTOP-KIS4N2E" failures="0" tests="4" name="testNGKeyWords.EnabledUse" time="0.011" errors="0" timestamp="2022-06-13T08:23:04 IST" skipped="0">
  <testcase classname="testNGKeyWords.EnabledUse" name="C" time="0.001"/>
  <system-out>
    <![CDATA[C is running]]>
  </system-out>
  <testcase classname="testNGKeyWords.EnabledUse" name="D" time="0.001"/>
  <system-out>
    <![CDATA[D is running]]>
  </system-out>
  <testcase classname="testNGKeyWords.EnabledUse" name="B" time="0.001"/>
  <system-out>
    <![CDATA[B is running]]>
  </system-out>
  <testcase classname="testNGKeyWords.EnabledUse" name="A" time="0.008"/>
  <system-out>
    <![CDATA[A is running]]>
  </system-out>
</testsuite> <!-- testNGKeyWords.EnabledUse -->
