<?xml version="1.0" encoding="UTF-8"?>
<!-- Generated by org.testng.reporters.JUnitReportReporter -->
<testsuite hostname="DESKTOP-KIS4N2E" failures="0" tests="3" name="xmlStudy.MyTest2" time="0.013" errors="0" timestamp="2022-06-13T09:00:50 IST" skipped="0">
  <testcase classname="xmlStudy.MyTest2" name="myMethod6" time="0.001"/>
  <system-out>
    <![CDATA[my Method6 is Running]]>
  </system-out>
  <testcase classname="xmlStudy.MyTest2" name="myMethod10" time="0.011"/>
  <system-out>
    <![CDATA[my Method10 is Running]]>
  </system-out>
  <testcase classname="xmlStudy.MyTest2" name="myMethod9" time="0.001"/>
  <system-out>
    <![CDATA[my Method9 is Running]]>
  </system-out>
</testsuite> <!-- xmlStudy.MyTest2 -->
