<?xml version="1.0" encoding="UTF-8"?>
<!-- Generated by org.testng.reporters.JUnitReportReporter -->
<testsuite hostname="DESKTOP-KIS4N2E" failures="0" tests="2" name="testNG.AnnotationsStudy" time="0.009" errors="0" timestamp="2022-06-10T08:51:49 IST" skipped="0">
  <testcase classname="testNG.AnnotationsStudy" name="myTest1" time="0.002"/>
  <system-out>
    <![CDATA[Test Method1 is running]]>
  </system-out>
  <testcase classname="testNG.AnnotationsStudy" name="myTest" time="0.007"/>
  <system-out>
    <![CDATA[Test Method is running]]>
  </system-out>
</testsuite> <!-- testNG.AnnotationsStudy -->
