<?xml version="1.0" encoding="UTF-8"?>
<!-- Generated by org.testng.reporters.JUnitReportReporter -->
<testsuite hostname="DESKTOP-KIS4N2E" failures="0" tests="1" name="VerificationUsingTestNG.Verification" time="9.502" errors="0" timestamp="2022-06-15T08:23:16 IST" skipped="0">
  <testcase classname="VerificationUsingTestNG.Verification" name="myTC" time="9.502"/>
  <system-out>
    <![CDATA[CheckBox is Selected TC is Passed]]>
  </system-out>
</testsuite> <!-- VerificationUsingTestNG.Verification -->
