<?xml version="1.0" encoding="UTF-8"?>
<!-- Generated by org.testng.reporters.JUnitReportReporter -->
<testsuite hostname="DESKTOP-KIS4N2E" failures="0" tests="3" name="testNGKeyWords.MyTest" time="0.020" errors="0" timestamp="2022-06-13T08:08:31 IST" skipped="0">
  <testcase classname="testNGKeyWords.MyTest" name="C" time="0.007"/>
  <system-out>
    <![CDATA[C is running]]>
  </system-out>
  <testcase classname="testNGKeyWords.MyTest" name="D" time="0.002"/>
  <system-out>
    <![CDATA[D is running]]>
  </system-out>
  <testcase classname="testNGKeyWords.MyTest" name="A" time="0.011"/>
  <system-out>
    <![CDATA[A is running]]>
  </system-out>
</testsuite> <!-- testNGKeyWords.MyTest -->
