<?xml version="1.0" encoding="UTF-8"?>
<!-- Generated by org.testng.reporters.JUnitReportReporter -->
<testsuite hostname="DESKTOP-KIS4N2E" failures="0" tests="1" name="KiteAppTestClasses.ValidateKiteUserID" time="4.011" errors="0" timestamp="2022-06-21T07:48:10 IST" skipped="0">
  <testcase classname="KiteAppTestClasses.ValidateKiteUserID" name="validateUserName" time="4.011"/>
  <system-out>
    <![CDATA[User names are matching TC is passed]]>
  </system-out>
</testsuite> <!-- KiteAppTestClasses.ValidateKiteUserID -->
