<?xml version="1.0" encoding="UTF-8"?>
<!-- Generated by org.testng.reporters.JUnitReportReporter -->
<testsuite hostname="DESKTOP-KIS4N2E" failures="0" tests="4" name="testNGKeyWords.priorityUse" time="0.006" errors="0" timestamp="2022-06-12T18:42:33 IST" skipped="0">
  <testcase classname="testNGKeyWords.priorityUse" name="Ashish" time="0.002"/>
  <system-out>
    <![CDATA[D is running]]>
  </system-out>
  <testcase classname="testNGKeyWords.priorityUse" name="Ashini" time="0.004"/>
  <system-out>
    <![CDATA[C is running]]>
  </system-out>
  <testcase classname="testNGKeyWords.priorityUse" name="B" time="0.000"/>
  <system-out>
    <![CDATA[B is running]]>
  </system-out>
  <testcase classname="testNGKeyWords.priorityUse" name="A" time="0.000"/>
  <system-out>
    <![CDATA[A is running]]>
  </system-out>
</testsuite> <!-- testNGKeyWords.priorityUse -->
