<?xml version="1.0" encoding="UTF-8"?>
<!-- Generated by org.testng.reporters.JUnitReportReporter -->
<testsuite hostname="DESKTOP-KIS4N2E" failures="0" tests="1" name="VerificationUsingTestNG.AssertEqualsAndNotEquals" time="0.011" errors="0" timestamp="2022-06-16T08:22:53 IST" skipped="0">
  <testcase classname="VerificationUsingTestNG.AssertEqualsAndNotEquals" name="myMethod" time="0.011"/>
  <system-out>
    <![CDATA[Strings are matching TC is Passed
Strings are not matching TC is PASSED]]>
  </system-out>
</testsuite> <!-- VerificationUsingTestNG.AssertEqualsAndNotEquals -->
