<?xml version="1.0" encoding="UTF-8"?>
<!-- Generated by org.testng.reporters.JUnitReportReporter -->
<testsuite hostname="DESKTOP-KIS4N2E" failures="0" tests="1" name="parallelExecution.MyClass3" time="9.301" errors="0" timestamp="2022-06-14T09:03:21 IST" skipped="0">
  <testcase classname="parallelExecution.MyClass3" name="myMethod1" time="9.301"/>
  <system-out>
    <![CDATA[myMethod1 is running]]>
  </system-out>
</testsuite> <!-- parallelExecution.MyClass3 -->
