<?xml version="1.0" encoding="UTF-8"?>
<!-- Generated by org.testng.reporters.JUnitReportReporter -->
<testsuite hostname="DESKTOP-KIS4N2E" failures="0" tests="1" name="xmlStudy.MyTest3" time="0.010" errors="0" timestamp="2022-06-14T08:26:07 IST" skipped="0">
  <testcase classname="xmlStudy.MyTest3" name="myMethod1" time="0.010"/>
  <system-out>
    <![CDATA[my Method1 sanity is Running]]>
  </system-out>
</testsuite> <!-- xmlStudy.MyTest3 -->
