<?xml version="1.0" encoding="UTF-8"?>
<!-- Generated by org.testng.reporters.JUnitReportReporter -->
<testsuite hostname="DESKTOP-KIS4N2E" failures="0" tests="1" name="KiteWithExcel.KiteTestClassUsingTestNG" time="2.614" errors="0" timestamp="2022-06-17T08:37:02 IST" skipped="0">
  <testcase classname="KiteWithExcel.KiteTestClassUsingTestNG" name="verifyKiteUserName" time="2.614"/>
  <system-out>
    <![CDATA[Expected UserID and Actual UserID are matching TC is PASSED]]>
  </system-out>
</testsuite> <!-- KiteWithExcel.KiteTestClassUsingTestNG -->
